<?xml version="1.0" encoding="UTF-8"?>
<testsuite xmlns:xsi="http://www.w3.org/2001/XMLSchema-instance" xsi:noNamespaceSchemaLocation="https://maven.apache.org/surefire/maven-surefire-plugin/xsd/surefire-test-report-3.0.xsd" version="3.0" name="PersonalAccountTest" time="44.466" tests="6" errors="0" skipped="0" failures="0">
  <properties>
[...]
</properties>
  <testcase name="enterPesonalAccountTest(String)[1]" classname="PersonalAccountTest" time="5.131"/>
  <testcase name="enterPesonalAccountTest(String)[2]" classname="PersonalAccountTest" time="7.712"/>
  <testcase name="exitFromAccountTest(String)[1]" classname="PersonalAccountTest" time="7.611"/>
  <testcase name="exitFromAccountTest(String)[2]" classname="PersonalAccountTest" time="7.757"/>
  <testcase name="enterConstructorTest(String)[1]" classname="PersonalAccountTest" time="6.422"/>
  <testcase name="enterConstructorTest(String)[2]" classname="PersonalAccountTest" time="6.414"/>
</testsuite>